<?xml version="1.0" encoding="UTF-8"?>
<!-- Generated by org.testng.reporters.JUnitReportReporter -->
<testsuite hostname="NODE225" failures="0" tests="5" name="mercurypack.DDTExcel" time="46.293" errors="0" timestamp="21 Jun 2018 06:46:26 GMT" skipped="0">
  <testcase classname="mercurypack.DDTExcel" name="DemoProject" time="8.816"/>
  <testcase classname="mercurypack.DDTExcel" name="DemoProject" time="10.409"/>
  <testcase classname="mercurypack.DDTExcel" name="DemoProject" time="8.984"/>
  <testcase classname="mercurypack.DDTExcel" name="DemoProject" time="8.783"/>
  <testcase classname="mercurypack.DDTExcel" name="DemoProject" time="9.301"/>
</testsuite> <!-- mercurypack.DDTExcel -->
